[0502/090103.021:ERROR:process_reader_win.cc(127)] NtOpenThread: {Access Denied} A process has requested access to an object, but has not been granted those access rights. (0xc0000022)
[0502/090103.052:ERROR:exception_snapshot_win.cc(99)] thread ID 6260 not found in process
[0502/090103.146:ERROR:process_memory_win.cc(73)] ReadMemory at 0x2402b6155f0 of 72 bytes failed: Only part of a ReadProcessMemory or WriteProcessMemory request was completed. (0x12B)
[0502/090103.162:WARNING:pe_image_annotations_reader.cc(134)] could not read annotations list object in C:\Program Files (x86)\Microsoft\Edge\Application\84.0.522.52\msedge_elf.dll
[0502/090103.162:ERROR:process_memory_win.cc(73)] ReadMemory at 0x2402b64c280 of 72 bytes failed: Only part of a ReadProcessMemory or WriteProcessMemory request was completed. (0x12B)
[0502/090103.162:WARNING:pe_image_annotations_reader.cc(134)] could not read annotations list object in C:\Program Files (x86)\Microsoft\Edge\Application\84.0.522.52\msedge.dll
[0502/090103.162:ERROR:process_memory_win.cc(73)] ReadMemory at 0x2402b6155f0 of 72 bytes failed: Only part of a ReadProcessMemory or WriteProcessMemory request was completed. (0x12B)
[0502/090103.162:WARNING:pe_image_annotations_reader.cc(134)] could not read annotations list object in C:\Program Files (x86)\Microsoft\Edge\Application\84.0.522.52\msedge_elf.dll
[0502/090103.162:ERROR:process_memory_win.cc(73)] ReadMemory at 0x2402b64c280 of 72 bytes failed: Only part of a ReadProcessMemory or WriteProcessMemory request was completed. (0x12B)
[0502/090103.162:WARNING:pe_image_annotations_reader.cc(134)] could not read annotations list object in C:\Program Files (x86)\Microsoft\Edge\Application\84.0.522.52\msedge.dll
[0502/090103.162:ERROR:process_memory_win.cc(73)] ReadMemory at 0x2402b6155f0 of 72 bytes failed: Only part of a ReadProcessMemory or WriteProcessMemory request was completed. (0x12B)
[0502/090103.162:WARNING:pe_image_annotations_reader.cc(134)] could not read annotations list object in C:\Program Files (x86)\Microsoft\Edge\Application\84.0.522.52\msedge_elf.dll
[0502/090103.162:ERROR:process_memory_win.cc(73)] ReadMemory at 0x2402b64c280 of 72 bytes failed: Only part of a ReadProcessMemory or WriteProcessMemory request was completed. (0x12B)
[0502/090103.162:WARNING:pe_image_annotations_reader.cc(134)] could not read annotations list object in C:\Program Files (x86)\Microsoft\Edge\Application\84.0.522.52\msedge.dll
[0503/171343.800:ERROR:process_reader_win.cc(192)] ResumeThread: The parameter is incorrect. (0x57)
[0503/171349.149:ERROR:process_reader_win.cc(155)] SuspendThread: Access is denied. (0x5)
[0503/171349.149:ERROR:process_reader_win.cc(155)] SuspendThread: Access is denied. (0x5)
[0503/171349.149:ERROR:process_reader_win.cc(155)] SuspendThread: Access is denied. (0x5)
[0503/171349.149:ERROR:process_reader_win.cc(155)] SuspendThread: Access is denied. (0x5)
[0503/171349.149:ERROR:process_reader_win.cc(155)] SuspendThread: Access is denied. (0x5)
[0503/171349.149:ERROR:process_reader_win.cc(127)] NtOpenThread: An invalid Client ID was specified. (0xc000000b)
[0503/171350.613:ERROR:exception_snapshot_win.cc(99)] thread ID 9432 not found in process
[0503/171413.664:ERROR:minidumpwritedump_with_crashpad_info.cc(435)] Failed to call MiniDumpWriteDump: Only part of a ReadProcessMemory or WriteProcessMemory request was completed. (0x8007012B)
[0503/171413.665:ERROR:minidumpwritedump_with_crashpad_info.cc(592)] Failed to write minidump file
[0503/171413.740:ERROR:crash_report_exception_handler.cc(132)] TryMiniDumpWriteDumpWithCrashpadInfo failed
[0503/171415.318:ERROR:process_memory_win.cc(73)] ReadMemory at 0x224844145a0 of 72 bytes failed: Only part of a ReadProcessMemory or WriteProcessMemory request was completed. (0x12B)
[0503/171415.668:WARNING:pe_image_annotations_reader.cc(134)] could not read annotations list object in C:\Program Files (x86)\Microsoft\Edge\Application\84.0.522.52\msedge_elf.dll
[0503/171416.311:ERROR:process_memory_win.cc(73)] ReadMemory at 0x2248444c460 of 72 bytes failed: Only part of a ReadProcessMemory or WriteProcessMemory request was completed. (0x12B)
[0503/171416.349:WARNING:pe_image_annotations_reader.cc(134)] could not read annotations list object in C:\Program Files (x86)\Microsoft\Edge\Application\84.0.522.52\msedge.dll
[0503/171459.202:ERROR:process_memory_win.cc(73)] ReadMemory at 0x7ff738cc0000 of 64 bytes failed: Only part of a ReadProcessMemory or WriteProcessMemory request was completed. (0x12B)
[0503/171459.202:WARNING:pe_image_reader.cc(340)] could not read dos header from C:\Program Files (x86)\Microsoft\Edge\Application\msedge.exe
[0503/171459.202:ERROR:process_memory_win.cc(73)] ReadMemory at 0x7fffcd290000 of 64 bytes failed: Only part of a ReadProcessMemory or WriteProcessMemory request was completed. (0x12B)
[0503/171459.202:WARNING:pe_image_reader.cc(340)] could not read dos header from C:\Windows\SYSTEM32\ntdll.dll
[0503/171459.202:ERROR:process_memory_win.cc(73)] ReadMemory at 0x7fffcc400000 of 64 bytes failed: Only part of a ReadProcessMemory or WriteProcessMemory request was completed. (0x12B)
[0503/171459.202:WARNING:pe_image_reader.cc(340)] could not read dos header from C:\Windows\System32\KERNEL32.DLL
[0503/171459.202:ERROR:process_memory_win.cc(73)] ReadMemory at 0x7fffcac80000 of 64 bytes failed: Only part of a ReadProcessMemory or WriteProcessMemory request was completed. (0x12B)
[0503/171459.202:WARNING:pe_image_reader.cc(340)] could not read dos header from C:\Windows\System32\KERNELBASE.dll
[0503/171459.203:ERROR:process_memory_win.cc(73)] ReadMemory at 0x7fffb1de0000 of 64 bytes failed: Only part of a ReadProcessMemory or WriteProcessMemory request was completed. (0x12B)
[0503/171459.203:WARNING:pe_image_reader.cc(340)] could not read dos header from C:\Program Files (x86)\Microsoft\Edge\Application\84.0.522.52\msedge_elf.dll
[0503/171459.203:ERROR:process_memory_win.cc(73)] ReadMemory at 0x7fffcc180000 of 64 bytes failed: Only part of a ReadProcessMemory or WriteProcessMemory request was completed. (0x12B)
[0503/171459.203:WARNING:pe_image_reader.cc(340)] could not read dos header from C:\Windows\System32\ADVAPI32.dll
[0503/171459.203:ERROR:process_memory_win.cc(73)] ReadMemory at 0x7fffcb2f0000 of 64 bytes failed: Only part of a ReadProcessMemory or WriteProcessMemory request was completed. (0x12B)
[0503/171459.203:WARNING:pe_image_reader.cc(340)] could not read dos header from C:\Windows\System32\msvcrt.dll
[0503/171459.203:ERROR:process_memory_win.cc(73)] ReadMemory at 0x7fffcc230000 of 64 bytes failed: Only part of a ReadProcessMemory or WriteProcessMemory request was completed. (0x12B)
[0503/171459.203:WARNING:pe_image_reader.cc(340)] could not read dos header from C:\Windows\System32\sechost.dll
[0503/171459.204:ERROR:process_memory_win.cc(73)] ReadMemory at 0x7fffcc2d0000 of 64 bytes failed: Only part of a ReadProcessMemory or WriteProcessMemory request was completed. (0x12B)
[0503/171459.204:WARNING:pe_image_reader.cc(340)] could not read dos header from C:\Windows\System32\RPCRT4.dll
[0503/171459.204:ERROR:process_memory_win.cc(73)] ReadMemory at 0x7fff86e30000 of 64 bytes failed: Only part of a ReadProcessMemory or WriteProcessMemory request was completed. (0x12B)
[0503/171459.204:WARNING:pe_image_reader.cc(340)] could not read dos header from C:\Program Files (x86)\Microsoft\Edge\Application\84.0.522.52\msedge.dll
[0503/171459.204:ERROR:process_memory_win.cc(73)] ReadMemory at 0x7fffcc990000 of 64 bytes failed: Only part of a ReadProcessMemory or WriteProcessMemory request was completed. (0x12B)
[0503/171459.204:WARNING:pe_image_reader.cc(340)] could not read dos header from C:\Windows\System32\WS2_32.dll
[0503/171459.204:ERROR:process_memory_win.cc(73)] ReadMemory at 0x7fffcb7b0000 of 64 bytes failed: Only part of a ReadProcessMemory or WriteProcessMemory request was completed. (0x12B)
[0503/171459.204:WARNING:pe_image_reader.cc(340)] could not read dos header from C:\Windows\System32\OLEAUT32.dll
[0503/171459.205:ERROR:process_memory_win.cc(73)] ReadMemory at 0x7fffcab30000 of 64 bytes failed: Only part of a ReadProcessMemory or WriteProcessMemory request was completed. (0x12B)
[0503/171459.586:WARNING:pe_image_reader.cc(340)] could not read dos header from C:\Windows\System32\msvcp_win.dll
[0503/171459.587:ERROR:process_memory_win.cc(73)] ReadMemory at 0x7fffcb1f0000 of 64 bytes failed: Only part of a ReadProcessMemory or WriteProcessMemory request was completed. (0x12B)
[0503/171459.587:WARNING:pe_image_reader.cc(340)] could not read dos header from C:\Windows\System32\ucrtbase.dll
[0503/171459.588:ERROR:process_memory_win.cc(73)] ReadMemory at 0x7fffccbf0000 of 64 bytes failed: Only part of a ReadProcessMemory or WriteProcessMemory request was completed. (0x12B)
[0503/171459.588:WARNING:pe_image_reader.cc(340)] could not read dos header from C:\Windows\System32\combase.dll
[0503/171459.589:ERROR:process_memory_win.cc(73)] ReadMemory at 0x7fffcabd0000 of 64 bytes failed: Only part of a ReadProcessMemory or WriteProcessMemory request was completed. (0x12B)
[0503/171459.589:WARNING:pe_image_reader.cc(340)] could not read dos header from C:\Windows\System32\WINTRUST.dll
[0503/171459.590:ERROR:process_memory_win.cc(73)] ReadMemory at 0x7fffcaf50000 of 64 bytes failed: Only part of a ReadProcessMemory or WriteProcessMemory request was completed. (0x12B)
[0503/171459.590:WARNING:pe_image_reader.cc(340)] could not read dos header from C:\Windows\System32\CRYPT32.dll
[0503/171459.591:ERROR:process_memory_win.cc(73)] ReadMemory at 0x7fffc9dd0000 of 64 bytes failed: Only part of a ReadProcessMemory or WriteProcessMemory request was completed. (0x12B)
[0503/171459.592:WARNING:pe_image_reader.cc(340)] could not read dos header from C:\Windows\SYSTEM32\IPHLPAPI.DLL
[0503/171459.592:ERROR:process_memory_win.cc(73)] ReadMemory at 0x7fffc2830000 of 64 bytes failed: Only part of a ReadProcessMemory or WriteProcessMemory request was completed. (0x12B)
[0503/171459.593:WARNING:pe_image_reader.cc(340)] could not read dos header from C:\Windows\SYSTEM32\WINMM.dll
[0503/171459.593:ERROR:process_memory_win.cc(73)] ReadMemory at 0x7fffba940000 of 64 bytes failed: Only part of a ReadProcessMemory or WriteProcessMemory request was completed. (0x12B)
[0503/171459.593:WARNING:pe_image_reader.cc(340)] could not read dos header from C:\Windows\SYSTEM32\Secur32.dll
[0503/171459.594:ERROR:process_memory_win.cc(73)] ReadMemory at 0x7fffca880000 of 64 bytes failed: Only part of a ReadProcessMemory or WriteProcessMemory request was completed. (0x12B)
[0503/171459.594:WARNING:pe_image_reader.cc(340)] could not read dos header from C:\Windows\SYSTEM32\USERENV.dll
[0503/171459.595:ERROR:process_memory_win.cc(73)] ReadMemory at 0x7fffac500000 of 64 bytes failed: Only part of a ReadProcessMemory or WriteProcessMemory request was completed. (0x12B)
[0503/171459.595:WARNING:pe_image_reader.cc(340)] could not read dos header from C:\Windows\SYSTEM32\UIAutomationCore.DLL
[0503/171459.596:ERROR:process_memory_win.cc(73)] ReadMemory at 0x7fffc07a0000 of 64 bytes failed: Only part of a ReadProcessMemory or WriteProcessMemory request was completed. (0x12B)
[0503/171459.596:WARNING:pe_image_reader.cc(340)] could not read dos header from C:\Windows\SYSTEM32\WINHTTP.dll
[0503/171459.597:ERROR:process_memory_win.cc(73)] ReadMemory at 0x7fffb4a70000 of 64 bytes failed: Only part of a ReadProcessMemory or WriteProcessMemory request was completed. (0x12B)
[0503/171459.597:WARNING:pe_image_reader.cc(340)] could not read dos header from C:\Windows\SYSTEM32\DWrite.dll
[0503/171459.598:ERROR:process_memory_win.cc(73)] ReadMemory at 0x7fffab3d0000 of 64 bytes failed: Only part of a ReadProcessMemory or WriteProcessMemory request was completed. (0x12B)
[0503/171459.598:WARNING:pe_image_reader.cc(340)] could not read dos header from C:\Windows\SYSTEM32\WINSPOOL.DRV
[0503/171459.599:ERROR:process_memory_win.cc(73)] ReadMemory at 0x7fffc66c0000 of 64 bytes failed: Only part of a ReadProcessMemory or WriteProcessMemory request was completed. (0x12B)
[0503/171459.599:WARNING:pe_image_reader.cc(340)] could not read dos header from C:\Windows\SYSTEM32\dbghelp.dll
[0503/171459.600:ERROR:process_memory_win.cc(73)] ReadMemory at 0x7fffca3d0000 of 64 bytes failed: Only part of a ReadProcessMemory or WriteProcessMemory request was completed. (0x12B)
[0503/171459.600:WARNING:pe_image_reader.cc(340)] could not read dos header from C:\Windows\SYSTEM32\ncrypt.dll
[0503/171459.601:ERROR:process_memory_win.cc(73)] ReadMemory at 0x7fffc2510000 of 64 bytes failed: Only part of a ReadProcessMemory or WriteProcessMemory request was completed. (0x12B)
[0503/171459.601:WARNING:pe_image_reader.cc(340)] could not read dos header from C:\Windows\SYSTEM32\dhcpcsvc.DLL
[0503/171459.601:ERROR:process_memory_win.cc(73)] ReadMemory at 0x7fffc5ad0000 of 64 bytes failed: Only part of a ReadProcessMemory or WriteProcessMemory request was completed. (0x12B)
[0503/171459.602:WARNING:pe_image_reader.cc(340)] could not read dos header from C:\Windows\SYSTEM32\PROPSYS.dll
[0503/171459.603:ERROR:process_memory_win.cc(73)] ReadMemory at 0x7fffca8b0000 of 64 bytes failed: Only part of a ReadProcessMemory or WriteProcessMemory request was completed. (0x12B)
[0503/171459.603:WARNING:pe_image_reader.cc(340)] could not read dos header from C:\Windows\SYSTEM32\SSPICLI.DLL
[0503/171459.604:ERROR:process_memory_win.cc(73)] ReadMemory at 0x7fffcb0b0000 of 64 bytes failed: Only part of a ReadProcessMemory or WriteProcessMemory request was completed. (0x12B)
[0503/171459.604:WARNING:pe_image_reader.cc(340)] could not read dos header from C:\Windows\System32\BCRYPT.DLL
[0503/171459.605:ERROR:process_memory_win.cc(73)] ReadMemory at 0x7fffca4e0000 of 64 bytes failed: Only part of a ReadProcessMemory or WriteProcessMemory request was completed. (0x12B)
[0503/171459.605:WARNING:pe_image_reader.cc(340)] could not read dos header from C:\Windows\System32\MSASN1.dll
[0503/171459.606:ERROR:process_memory_win.cc(73)] ReadMemory at 0x7fffcaab0000 of 64 bytes failed: Only part of a ReadProcessMemory or WriteProcessMemory request was completed. (0x12B)
[0503/171459.606:WARNING:pe_image_reader.cc(340)] could not read dos header from C:\Windows\System32\bcryptPrimitives.dll
[0503/171459.607:ERROR:process_memory_win.cc(73)] ReadMemory at 0x7fffca390000 of 64 bytes failed: Only part of a ReadProcessMemory or WriteProcessMemory request was completed. (0x12B)
[0503/171459.607:WARNING:pe_image_reader.cc(340)] could not read dos header from C:\Windows\SYSTEM32\NTASN1.dll
[0503/171459.608:ERROR:process_memory_win.cc(73)] ReadMemory at 0x7fffca2d0000 of 64 bytes failed: Only part of a ReadProcessMemory or WriteProcessMemory request was completed. (0x12B)
[0503/171459.608:WARNING:pe_image_reader.cc(340)] could not read dos header from C:\Windows\SYSTEM32\CRYPTBASE.DLL
[0503/171459.609:ERROR:process_memory_win.cc(73)] ReadMemory at 0x7fffca900000 of 64 bytes failed: Only part of a ReadProcessMemory or WriteProcessMemory request was completed. (0x12B)
[0503/171459.609:WARNING:pe_image_reader.cc(340)] could not read dos header from C:\Windows\System32\profapi.dll
[0503/171459.626:ERROR:process_memory_win.cc(73)] ReadMemory at 0x7ff738cc0000 of 64 bytes failed: Only part of a ReadProcessMemory or WriteProcessMemory request was completed. (0x12B)
[0503/171459.626:WARNING:pe_image_reader.cc(340)] could not read dos header from C:\Program Files (x86)\Microsoft\Edge\Application\msedge.exe
[0503/171459.626:ERROR:process_memory_win.cc(73)] ReadMemory at 0x7fffcd290000 of 64 bytes failed: Only part of a ReadProcessMemory or WriteProcessMemory request was completed. (0x12B)
[0503/171459.626:WARNING:pe_image_reader.cc(340)] could not read dos header from C:\Windows\SYSTEM32\ntdll.dll
[0503/171459.627:ERROR:process_memory_win.cc(73)] ReadMemory at 0x7fffcc400000 of 64 bytes failed: Only part of a ReadProcessMemory or WriteProcessMemory request was completed. (0x12B)
[0503/171459.627:WARNING:pe_image_reader.cc(340)] could not read dos header from C:\Windows\System32\KERNEL32.DLL
[0503/171459.627:ERROR:process_memory_win.cc(73)] ReadMemory at 0x7fffcac80000 of 64 bytes failed: Only part of a ReadProcessMemory or WriteProcessMemory request was completed. (0x12B)
[0503/171459.627:WARNING:pe_image_reader.cc(340)] could not read dos header from C:\Windows\System32\KERNELBASE.dll
[0503/171459.627:ERROR:process_memory_win.cc(73)] ReadMemory at 0x7fffb1de0000 of 64 bytes failed: Only part of a ReadProcessMemory or WriteProcessMemory request was completed. (0x12B)
[0503/171459.627:WARNING:pe_image_reader.cc(340)] could not read dos header from C:\Program Files (x86)\Microsoft\Edge\Application\84.0.522.52\msedge_elf.dll
[0503/171459.627:ERROR:process_memory_win.cc(73)] ReadMemory at 0x7fffcc180000 of 64 bytes failed: Only part of a ReadProcessMemory or WriteProcessMemory request was completed. (0x12B)
[0503/171459.627:WARNING:pe_image_reader.cc(340)] could not read dos header from C:\Windows\System32\ADVAPI32.dll
[0503/171459.627:ERROR:process_memory_win.cc(73)] ReadMemory at 0x7fffcb2f0000 of 64 bytes failed: Only part of a ReadProcessMemory or WriteProcessMemory request was completed. (0x12B)
[0503/171459.627:WARNING:pe_image_reader.cc(340)] could not read dos header from C:\Windows\System32\msvcrt.dll
[0503/171459.627:ERROR:process_memory_win.cc(73)] ReadMemory at 0x7fffcc230000 of 64 bytes failed: Only part of a ReadProcessMemory or WriteProcessMemory request was completed. (0x12B)
[0503/171459.627:WARNING:pe_image_reader.cc(340)] could not read dos header from C:\Windows\System32\sechost.dll
[0503/171459.627:ERROR:process_memory_win.cc(73)] ReadMemory at 0x7fffcc2d0000 of 64 bytes failed: Only part of a ReadProcessMemory or WriteProcessMemory request was completed. (0x12B)
[0503/171459.627:WARNING:pe_image_reader.cc(340)] could not read dos header from C:\Windows\System32\RPCRT4.dll
[0503/171459.627:ERROR:process_memory_win.cc(73)] ReadMemory at 0x7fff86e30000 of 64 bytes failed: Only part of a ReadProcessMemory or WriteProcessMemory request was completed. (0x12B)
[0503/171459.627:WARNING:pe_image_reader.cc(340)] could not read dos header from C:\Program Files (x86)\Microsoft\Edge\Application\84.0.522.52\msedge.dll
[0503/171459.627:ERROR:process_memory_win.cc(73)] ReadMemory at 0x7fffcc990000 of 64 bytes failed: Only part of a ReadProcessMemory or WriteProcessMemory request was completed. (0x12B)
[0503/171459.627:WARNING:pe_image_reader.cc(340)] could not read dos header from C:\Windows\System32\WS2_32.dll
[0503/171459.627:ERROR:process_memory_win.cc(73)] ReadMemory at 0x7fffcb7b0000 of 64 bytes failed: Only part of a ReadProcessMemory or WriteProcessMemory request was completed. (0x12B)
[0503/171459.627:WARNING:pe_image_reader.cc(340)] could not read dos header from C:\Windows\System32\OLEAUT32.dll
[0503/171459.627:ERROR:process_memory_win.cc(73)] ReadMemory at 0x7fffcab30000 of 64 bytes failed: Only part of a ReadProcessMemory or WriteProcessMemory request was completed. (0x12B)
[0503/171459.627:WARNING:pe_image_reader.cc(340)] could not read dos header from C:\Windows\System32\msvcp_win.dll
[0503/171459.628:ERROR:process_memory_win.cc(73)] ReadMemory at 0x7fffcb1f0000 of 64 bytes failed: Only part of a ReadProcessMemory or WriteProcessMemory request was completed. (0x12B)
[0503/171459.628:WARNING:pe_image_reader.cc(340)] could not read dos header from C:\Windows\System32\ucrtbase.dll
[0503/171459.628:ERROR:process_memory_win.cc(73)] ReadMemory at 0x7fffccbf0000 of 64 bytes failed: Only part of a ReadProcessMemory or WriteProcessMemory request was completed. (0x12B)
[0503/171459.628:WARNING:pe_image_reader.cc(340)] could not read dos header from C:\Windows\System32\combase.dll
[0503/171459.628:ERROR:process_memory_win.cc(73)] ReadMemory at 0x7fffcabd0000 of 64 bytes failed: Only part of a ReadProcessMemory or WriteProcessMemory request was completed. (0x12B)
[0503/171459.628:WARNING:pe_image_reader.cc(340)] could not read dos header from C:\Windows\System32\WINTRUST.dll
[0503/171459.628:ERROR:process_memory_win.cc(73)] ReadMemory at 0x7fffcaf50000 of 64 bytes failed: Only part of a ReadProcessMemory or WriteProcessMemory request was completed. (0x12B)
[0503/171459.628:WARNING:pe_image_reader.cc(340)] could not read dos header from C:\Windows\System32\CRYPT32.dll
[0503/171459.628:ERROR:process_memory_win.cc(73)] ReadMemory at 0x7fffc9dd0000 of 64 bytes failed: Only part of a ReadProcessMemory or WriteProcessMemory request was completed. (0x12B)
[0503/171459.628:WARNING:pe_image_reader.cc(340)] could not read dos header from C:\Windows\SYSTEM32\IPHLPAPI.DLL
[0503/171459.628:ERROR:process_memory_win.cc(73)] ReadMemory at 0x7fffc2830000 of 64 bytes failed: Only part of a ReadProcessMemory or WriteProcessMemory request was completed. (0x12B)
[0503/171459.628:WARNING:pe_image_reader.cc(340)] could not read dos header from C:\Windows\SYSTEM32\WINMM.dll
[0503/171459.628:ERROR:process_memory_win.cc(73)] ReadMemory at 0x7fffba940000 of 64 bytes failed: Only part of a ReadProcessMemory or WriteProcessMemory request was completed. (0x12B)
[0503/171459.628:WARNING:pe_image_reader.cc(340)] could not read dos header from C:\Windows\SYSTEM32\Secur32.dll
[0503/171459.628:ERROR:process_memory_win.cc(73)] ReadMemory at 0x7fffca880000 of 64 bytes failed: Only part of a ReadProcessMemory or WriteProcessMemory request was completed. (0x12B)
[0503/171459.628:WARNING:pe_image_reader.cc(340)] could not read dos header from C:\Windows\SYSTEM32\USERENV.dll
[0503/171459.628:ERROR:process_memory_win.cc(73)] ReadMemory at 0x7fffac500000 of 64 bytes failed: Only part of a ReadProcessMemory or WriteProcessMemory request was completed. (0x12B)
[0503/171459.628:WARNING:pe_image_reader.cc(340)] could not read dos header from C:\Windows\SYSTEM32\UIAutomationCore.DLL
[0503/171459.628:ERROR:process_memory_win.cc(73)] ReadMemory at 0x7fffc07a0000 of 64 bytes failed: Only part of a ReadProcessMemory or WriteProcessMemory request was completed. (0x12B)
[0503/171459.628:WARNING:pe_image_reader.cc(340)] could not read dos header from C:\Windows\SYSTEM32\WINHTTP.dll
[0503/171459.628:ERROR:process_memory_win.cc(73)] ReadMemory at 0x7fffb4a70000 of 64 bytes failed: Only part of a ReadProcessMemory or WriteProcessMemory request was completed. (0x12B)
[0503/171459.628:WARNING:pe_image_reader.cc(340)] could not read dos header from C:\Windows\SYSTEM32\DWrite.dll
[0503/171459.628:ERROR:process_memory_win.cc(73)] ReadMemory at 0x7fffab3d0000 of 64 bytes failed: Only part of a ReadProcessMemory or WriteProcessMemory request was completed. (0x12B)
[0503/171459.628:WARNING:pe_image_reader.cc(340)] could not read dos header from C:\Windows\SYSTEM32\WINSPOOL.DRV
[0503/171459.628:ERROR:process_memory_win.cc(73)] ReadMemory at 0x7fffc66c0000 of 64 bytes failed: Only part of a ReadProcessMemory or WriteProcessMemory request was completed. (0x12B)
[0503/171459.628:WARNING:pe_image_reader.cc(340)] could not read dos header from C:\Windows\SYSTEM32\dbghelp.dll
[0503/171459.629:ERROR:process_memory_win.cc(73)] ReadMemory at 0x7fffca3d0000 of 64 bytes failed: Only part of a ReadProcessMemory or WriteProcessMemory request was completed. (0x12B)
[0503/171459.629:WARNING:pe_image_reader.cc(340)] could not read dos header from C:\Windows\SYSTEM32\ncrypt.dll
[0503/171459.629:ERROR:process_memory_win.cc(73)] ReadMemory at 0x7fffc2510000 of 64 bytes failed: Only part of a ReadProcessMemory or WriteProcessMemory request was completed. (0x12B)
[0503/171459.629:WARNING:pe_image_reader.cc(340)] could not read dos header from C:\Windows\SYSTEM32\dhcpcsvc.DLL
[0503/171459.629:ERROR:process_memory_win.cc(73)] ReadMemory at 0x7fffc5ad0000 of 64 bytes failed: Only part of a ReadProcessMemory or WriteProcessMemory request was completed. (0x12B)
[0503/171459.629:WARNING:pe_image_reader.cc(340)] could not read dos header from C:\Windows\SYSTEM32\PROPSYS.dll
[0503/171459.629:ERROR:process_memory_win.cc(73)] ReadMemory at 0x7fffca8b0000 of 64 bytes failed: Only part of a ReadProcessMemory or WriteProcessMemory request was completed. (0x12B)
[0503/171459.629:WARNING:pe_image_reader.cc(340)] could not read dos header from C:\Windows\SYSTEM32\SSPICLI.DLL
[0503/171459.629:ERROR:process_memory_win.cc(73)] ReadMemory at 0x7fffcb0b0000 of 64 bytes failed: Only part of a ReadProcessMemory or WriteProcessMemory request was completed. (0x12B)
[0503/171459.629:WARNING:pe_image_reader.cc(340)] could not read dos header from C:\Windows\System32\BCRYPT.DLL
[0503/171459.629:ERROR:process_memory_win.cc(73)] ReadMemory at 0x7fffca4e0000 of 64 bytes failed: Only part of a ReadProcessMemory or WriteProcessMemory request was completed. (0x12B)
[0503/171459.882:WARNING:pe_image_reader.cc(340)] could not read dos header from C:\Windows\System32\MSASN1.dll
[0503/171459.883:ERROR:process_memory_win.cc(73)] ReadMemory at 0x7fffcaab0000 of 64 bytes failed: Only part of a ReadProcessMemory or WriteProcessMemory request was completed. (0x12B)
[0503/171459.883:WARNING:pe_image_reader.cc(340)] could not read dos header from C:\Windows\System32\bcryptPrimitives.dll
[0503/171459.883:ERROR:process_memory_win.cc(73)] ReadMemory at 0x7fffca390000 of 64 bytes failed: Only part of a ReadProcessMemory or WriteProcessMemory request was completed. (0x12B)
[0503/171459.883:WARNING:pe_image_reader.cc(340)] could not read dos header from C:\Windows\SYSTEM32\NTASN1.dll
[0503/171459.883:ERROR:process_memory_win.cc(73)] ReadMemory at 0x7fffca2d0000 of 64 bytes failed: Only part of a ReadProcessMemory or WriteProcessMemory request was completed. (0x12B)
[0503/171459.883:WARNING:pe_image_reader.cc(340)] could not read dos header from C:\Windows\SYSTEM32\CRYPTBASE.DLL
[0503/171459.883:ERROR:process_memory_win.cc(73)] ReadMemory at 0x7fffca900000 of 64 bytes failed: Only part of a ReadProcessMemory or WriteProcessMemory request was completed. (0x12B)
[0503/171459.884:WARNING:pe_image_reader.cc(340)] could not read dos header from C:\Windows\System32\profapi.dll
[0503/171459.884:ERROR:process_memory_win.cc(73)] ReadMemory at 0x7ff738cc0000 of 64 bytes failed: Only part of a ReadProcessMemory or WriteProcessMemory request was completed. (0x12B)
[0503/171459.884:WARNING:pe_image_reader.cc(340)] could not read dos header from C:\Program Files (x86)\Microsoft\Edge\Application\msedge.exe
[0503/171459.884:ERROR:process_memory_win.cc(73)] ReadMemory at 0x7fffcd290000 of 64 bytes failed: Only part of a ReadProcessMemory or WriteProcessMemory request was completed. (0x12B)
[0503/171459.884:WARNING:pe_image_reader.cc(340)] could not read dos header from C:\Windows\SYSTEM32\ntdll.dll
[0503/171459.884:ERROR:process_memory_win.cc(73)] ReadMemory at 0x7fffcc400000 of 64 bytes failed: Only part of a ReadProcessMemory or WriteProcessMemory request was completed. (0x12B)
[0503/171459.884:WARNING:pe_image_reader.cc(340)] could not read dos header from C:\Windows\System32\KERNEL32.DLL
[0503/171459.884:ERROR:process_memory_win.cc(73)] ReadMemory at 0x7fffcac80000 of 64 bytes failed: Only part of a ReadProcessMemory or WriteProcessMemory request was completed. (0x12B)
[0503/171459.884:WARNING:pe_image_reader.cc(340)] could not read dos header from C:\Windows\System32\KERNELBASE.dll
[0503/171459.885:ERROR:process_memory_win.cc(73)] ReadMemory at 0x7fffb1de0000 of 64 bytes failed: Only part of a ReadProcessMemory or WriteProcessMemory request was completed. (0x12B)
[0503/171459.885:WARNING:pe_image_reader.cc(340)] could not read dos header from C:\Program Files (x86)\Microsoft\Edge\Application\84.0.522.52\msedge_elf.dll
[0503/171459.885:ERROR:process_memory_win.cc(73)] ReadMemory at 0x7fffcc180000 of 64 bytes failed: Only part of a ReadProcessMemory or WriteProcessMemory request was completed. (0x12B)
[0503/171459.885:WARNING:pe_image_reader.cc(340)] could not read dos header from C:\Windows\System32\ADVAPI32.dll
[0503/171459.885:ERROR:process_memory_win.cc(73)] ReadMemory at 0x7fffcb2f0000 of 64 bytes failed: Only part of a ReadProcessMemory or WriteProcessMemory request was completed. (0x12B)
[0503/171459.885:WARNING:pe_image_reader.cc(340)] could not read dos header from C:\Windows\System32\msvcrt.dll
[0503/171459.885:ERROR:process_memory_win.cc(73)] ReadMemory at 0x7fffcc230000 of 64 bytes failed: Only part of a ReadProcessMemory or WriteProcessMemory request was completed. (0x12B)
[0503/171459.885:WARNING:pe_image_reader.cc(340)] could not read dos header from C:\Windows\System32\sechost.dll
[0503/171459.886:ERROR:process_memory_win.cc(73)] ReadMemory at 0x7fffcc2d0000 of 64 bytes failed: Only part of a ReadProcessMemory or WriteProcessMemory request was completed. (0x12B)
[0503/171459.886:WARNING:pe_image_reader.cc(340)] could not read dos header from C:\Windows\System32\RPCRT4.dll
[0503/171459.886:ERROR:process_memory_win.cc(73)] ReadMemory at 0x7fff86e30000 of 64 bytes failed: Only part of a ReadProcessMemory or WriteProcessMemory request was completed. (0x12B)
[0503/171459.886:WARNING:pe_image_reader.cc(340)] could not read dos header from C:\Program Files (x86)\Microsoft\Edge\Application\84.0.522.52\msedge.dll
[0503/171459.886:ERROR:process_memory_win.cc(73)] ReadMemory at 0x7fffcc990000 of 64 bytes failed: Only part of a ReadProcessMemory or WriteProcessMemory request was completed. (0x12B)
[0503/171459.886:WARNING:pe_image_reader.cc(340)] could not read dos header from C:\Windows\System32\WS2_32.dll
[0503/171459.886:ERROR:process_memory_win.cc(73)] ReadMemory at 0x7fffcb7b0000 of 64 bytes failed: Only part of a ReadProcessMemory or WriteProcessMemory request was completed. (0x12B)
[0503/171459.886:WARNING:pe_image_reader.cc(340)] could not read dos header from C:\Windows\System32\OLEAUT32.dll
[0503/171459.887:ERROR:process_memory_win.cc(73)] ReadMemory at 0x7fffcab30000 of 64 bytes failed: Only part of a ReadProcessMemory or WriteProcessMemory request was completed. (0x12B)
[0503/171459.887:WARNING:pe_image_reader.cc(340)] could not read dos header from C:\Windows\System32\msvcp_win.dll
[0503/171459.887:ERROR:process_memory_win.cc(73)] ReadMemory at 0x7fffcb1f0000 of 64 bytes failed: Only part of a ReadProcessMemory or WriteProcessMemory request was completed. (0x12B)
[0503/171459.887:WARNING:pe_image_reader.cc(340)] could not read dos header from C:\Windows\System32\ucrtbase.dll
[0503/171459.887:ERROR:process_memory_win.cc(73)] ReadMemory at 0x7fffccbf0000 of 64 bytes failed: Only part of a ReadProcessMemory or WriteProcessMemory request was completed. (0x12B)
[0503/171459.887:WARNING:pe_image_reader.cc(340)] could not read dos header from C:\Windows\System32\combase.dll
[0503/171459.887:ERROR:process_memory_win.cc(73)] ReadMemory at 0x7fffcabd0000 of 64 bytes failed: Only part of a ReadProcessMemory or WriteProcessMemory request was completed. (0x12B)
[0503/171459.887:WARNING:pe_image_reader.cc(340)] could not read dos header from C:\Windows\System32\WINTRUST.dll
[0503/171459.888:ERROR:process_memory_win.cc(73)] ReadMemory at 0x7fffcaf50000 of 64 bytes failed: Only part of a ReadProcessMemory or WriteProcessMemory request was completed. (0x12B)
[0503/171459.888:WARNING:pe_image_reader.cc(340)] could not read dos header from C:\Windows\System32\CRYPT32.dll
[0503/171459.888:ERROR:process_memory_win.cc(73)] ReadMemory at 0x7fffc9dd0000 of 64 bytes failed: Only part of a ReadProcessMemory or WriteProcessMemory request was completed. (0x12B)
[0503/171459.888:WARNING:pe_image_reader.cc(340)] could not read dos header from C:\Windows\SYSTEM32\IPHLPAPI.DLL
[0503/171459.888:ERROR:process_memory_win.cc(73)] ReadMemory at 0x7fffc2830000 of 64 bytes failed: Only part of a ReadProcessMemory or WriteProcessMemory request was completed. (0x12B)
[0503/171459.888:WARNING:pe_image_reader.cc(340)] could not read dos header from C:\Windows\SYSTEM32\WINMM.dll
[0503/171459.888:ERROR:process_memory_win.cc(73)] ReadMemory at 0x7fffba940000 of 64 bytes failed: Only part of a ReadProcessMemory or WriteProcessMemory request was completed. (0x12B)
[0503/171459.888:WARNING:pe_image_reader.cc(340)] could not read dos header from C:\Windows\SYSTEM32\Secur32.dll
[0503/171459.888:ERROR:process_memory_win.cc(73)] ReadMemory at 0x7fffca880000 of 64 bytes failed: Only part of a ReadProcessMemory or WriteProcessMemory request was completed. (0x12B)
[0503/171459.889:WARNING:pe_image_reader.cc(340)] could not read dos header from C:\Windows\SYSTEM32\USERENV.dll
[0503/171459.889:ERROR:process_memory_win.cc(73)] ReadMemory at 0x7fffac500000 of 64 bytes failed: Only part of a ReadProcessMemory or WriteProcessMemory request was completed. (0x12B)
[0503/171459.889:WARNING:pe_image_reader.cc(340)] could not read dos header from C:\Windows\SYSTEM32\UIAutomationCore.DLL
[0503/171459.889:ERROR:process_memory_win.cc(73)] ReadMemory at 0x7fffc07a0000 of 64 bytes failed: Only part of a ReadProcessMemory or WriteProcessMemory request was completed. (0x12B)
[0503/171459.889:WARNING:pe_image_reader.cc(340)] could not read dos header from C:\Windows\SYSTEM32\WINHTTP.dll
[0503/171459.889:ERROR:process_memory_win.cc(73)] ReadMemory at 0x7fffb4a70000 of 64 bytes failed: Only part of a ReadProcessMemory or WriteProcessMemory request was completed. (0x12B)
[0503/171459.889:WARNING:pe_image_reader.cc(340)] could not read dos header from C:\Windows\SYSTEM32\DWrite.dll
[0503/171459.889:ERROR:process_memory_win.cc(73)] ReadMemory at 0x7fffab3d0000 of 64 bytes failed: Only part of a ReadProcessMemory or WriteProcessMemory request was completed. (0x12B)
[0503/171459.890:WARNING:pe_image_reader.cc(340)] could not read dos header from C:\Windows\SYSTEM32\WINSPOOL.DRV
[0503/171459.890:ERROR:process_memory_win.cc(73)] ReadMemory at 0x7fffc66c0000 of 64 bytes failed: Only part of a ReadProcessMemory or WriteProcessMemory request was completed. (0x12B)
[0503/171459.890:WARNING:pe_image_reader.cc(340)] could not read dos header from C:\Windows\SYSTEM32\dbghelp.dll
[0503/171459.890:ERROR:process_memory_win.cc(73)] ReadMemory at 0x7fffca3d0000 of 64 bytes failed: Only part of a ReadProcessMemory or WriteProcessMemory request was completed. (0x12B)
[0503/171459.890:WARNING:pe_image_reader.cc(340)] could not read dos header from C:\Windows\SYSTEM32\ncrypt.dll
[0503/171459.890:ERROR:process_memory_win.cc(73)] ReadMemory at 0x7fffc2510000 of 64 bytes failed: Only part of a ReadProcessMemory or WriteProcessMemory request was completed. (0x12B)
[0503/171459.890:WARNING:pe_image_reader.cc(340)] could not read dos header from C:\Windows\SYSTEM32\dhcpcsvc.DLL
[0503/171459.890:ERROR:process_memory_win.cc(73)] ReadMemory at 0x7fffc5ad0000 of 64 bytes failed: Only part of a ReadProcessMemory or WriteProcessMemory request was completed. (0x12B)
[0503/171459.890:WARNING:pe_image_reader.cc(340)] could not read dos header from C:\Windows\SYSTEM32\PROPSYS.dll
[0503/171459.891:ERROR:process_memory_win.cc(73)] ReadMemory at 0x7fffca8b0000 of 64 bytes failed: Only part of a ReadProcessMemory or WriteProcessMemory request was completed. (0x12B)
[0503/171459.891:WARNING:pe_image_reader.cc(340)] could not read dos header from C:\Windows\SYSTEM32\SSPICLI.DLL
[0503/171459.891:ERROR:process_memory_win.cc(73)] ReadMemory at 0x7fffcb0b0000 of 64 bytes failed: Only part of a ReadProcessMemory or WriteProcessMemory request was completed. (0x12B)
[0503/171459.891:WARNING:pe_image_reader.cc(340)] could not read dos header from C:\Windows\System32\BCRYPT.DLL
[0503/171459.891:ERROR:process_memory_win.cc(73)] ReadMemory at 0x7fffca4e0000 of 64 bytes failed: Only part of a ReadProcessMemory or WriteProcessMemory request was completed. (0x12B)
[0503/171459.891:WARNING:pe_image_reader.cc(340)] could not read dos header from C:\Windows\System32\MSASN1.dll
[0503/171459.891:ERROR:process_memory_win.cc(73)] ReadMemory at 0x7fffcaab0000 of 64 bytes failed: Only part of a ReadProcessMemory or WriteProcessMemory request was completed. (0x12B)
[0503/171459.891:WARNING:pe_image_reader.cc(340)] could not read dos header from C:\Windows\System32\bcryptPrimitives.dll
[0503/171459.892:ERROR:process_memory_win.cc(73)] ReadMemory at 0x7fffca390000 of 64 bytes failed: Only part of a ReadProcessMemory or WriteProcessMemory request was completed. (0x12B)
[0503/171459.892:WARNING:pe_image_reader.cc(340)] could not read dos header from C:\Windows\SYSTEM32\NTASN1.dll
[0503/171459.892:ERROR:process_memory_win.cc(73)] ReadMemory at 0x7fffca2d0000 of 64 bytes failed: Only part of a ReadProcessMemory or WriteProcessMemory request was completed. (0x12B)
[0503/171459.892:WARNING:pe_image_reader.cc(340)] could not read dos header from C:\Windows\SYSTEM32\CRYPTBASE.DLL
[0503/171459.892:ERROR:process_memory_win.cc(73)] ReadMemory at 0x7fffca900000 of 64 bytes failed: Only part of a ReadProcessMemory or WriteProcessMemory request was completed. (0x12B)
[0503/171459.892:WARNING:pe_image_reader.cc(340)] could not read dos header from C:\Windows\System32\profapi.dll
[0503/171500.175:ERROR:process_memory_win.cc(73)] ReadMemory at 0xc99ddd7000 of 167936 bytes failed: Only part of a ReadProcessMemory or WriteProcessMemory request was completed. (0x12B)
[0503/171500.175:ERROR:process_memory_win.cc(73)] ReadMemory at 0xc99e5fe000 of 8192 bytes failed: Only part of a ReadProcessMemory or WriteProcessMemory request was completed. (0x12B)
[0503/171500.175:ERROR:process_memory_win.cc(73)] ReadMemory at 0xc99edfd000 of 12288 bytes failed: Only part of a ReadProcessMemory or WriteProcessMemory request was completed. (0x12B)
[0503/171500.176:ERROR:process_memory_win.cc(73)] ReadMemory at 0xc99fdfd000 of 12288 bytes failed: Only part of a ReadProcessMemory or WriteProcessMemory request was completed. (0x12B)
[0503/171500.176:ERROR:process_memory_win.cc(73)] ReadMemory at 0xc9a05fc000 of 16384 bytes failed: Only part of a ReadProcessMemory or WriteProcessMemory request was completed. (0x12B)
[0503/171500.176:ERROR:process_memory_win.cc(73)] ReadMemory at 0xc9a0dfd000 of 12288 bytes failed: Only part of a ReadProcessMemory or WriteProcessMemory request was completed. (0x12B)
[0503/171500.176:ERROR:process_memory_win.cc(73)] ReadMemory at 0xc9a15fb000 of 20480 bytes failed: Only part of a ReadProcessMemory or WriteProcessMemory request was completed. (0x12B)
[0503/171500.176:ERROR:process_memory_win.cc(73)] ReadMemory at 0xc9a1dfd000 of 12288 bytes failed: Only part of a ReadProcessMemory or WriteProcessMemory request was completed. (0x12B)
[0503/171500.176:ERROR:process_memory_win.cc(73)] ReadMemory at 0xc9a25fa000 of 24576 bytes failed: Only part of a ReadProcessMemory or WriteProcessMemory request was completed. (0x12B)
[0503/171500.176:ERROR:process_memory_win.cc(73)] ReadMemory at 0xc9a2dfa000 of 24576 bytes failed: Only part of a ReadProcessMemory or WriteProcessMemory request was completed. (0x12B)
[0503/171500.176:ERROR:process_memory_win.cc(73)] ReadMemory at 0xc99f5fd000 of 12288 bytes failed: Only part of a ReadProcessMemory or WriteProcessMemory request was completed. (0x12B)
[0503/171500.177:ERROR:process_memory_win.cc(73)] ReadMemory at 0xc9a75fd000 of 12288 bytes failed: Only part of a ReadProcessMemory or WriteProcessMemory request was completed. (0x12B)
[0503/171500.177:ERROR:process_memory_win.cc(73)] ReadMemory at 0xc9a35fd000 of 12288 bytes failed: Only part of a ReadProcessMemory or WriteProcessMemory request was completed. (0x12B)
[0503/171500.177:ERROR:process_memory_win.cc(73)] ReadMemory at 0xc9abdfc000 of 16384 bytes failed: Only part of a ReadProcessMemory or WriteProcessMemory request was completed. (0x12B)
[0503/171500.177:ERROR:process_memory_win.cc(73)] ReadMemory at 0xc9ac5fc000 of 16384 bytes failed: Only part of a ReadProcessMemory or WriteProcessMemory request was completed. (0x12B)
[0503/171500.177:ERROR:process_memory_win.cc(73)] ReadMemory at 0xc9a3dfd000 of 12288 bytes failed: Only part of a ReadProcessMemory or WriteProcessMemory request was completed. (0x12B)
[0503/171500.177:ERROR:process_memory_win.cc(73)] ReadMemory at 0xc9a65fd000 of 12288 bytes failed: Only part of a ReadProcessMemory or WriteProcessMemory request was completed. (0x12B)
[0503/171500.177:ERROR:process_memory_win.cc(73)] ReadMemory at 0xc9a7dfd000 of 12288 bytes failed: Only part of a ReadProcessMemory or WriteProcessMemory request was completed. (0x12B)
[0503/171500.177:ERROR:process_memory_win.cc(73)] ReadMemory at 0xc99d405000 of 852 bytes failed: Only part of a ReadProcessMemory or WriteProcessMemory request was completed. (0x12B)
[0503/171500.178:ERROR:process_memory_win.cc(73)] ReadMemory at 0xc99d406000 of 6024 bytes failed: Only part of a ReadProcessMemory or WriteProcessMemory request was completed. (0x12B)
[0503/171500.178:ERROR:process_memory_win.cc(73)] ReadMemory at 0xc99d408000 of 6024 bytes failed: Only part of a ReadProcessMemory or WriteProcessMemory request was completed. (0x12B)
[0503/171500.178:ERROR:process_memory_win.cc(73)] ReadMemory at 0xc99d40a000 of 6024 bytes failed: Only part of a ReadProcessMemory or WriteProcessMemory request was completed. (0x12B)
[0503/171500.178:ERROR:process_memory_win.cc(73)] ReadMemory at 0xc99d40e000 of 6024 bytes failed: Only part of a ReadProcessMemory or WriteProcessMemory request was completed. (0x12B)
[0503/171500.178:ERROR:process_memory_win.cc(73)] ReadMemory at 0xc99d410000 of 6024 bytes failed: Only part of a ReadProcessMemory or WriteProcessMemory request was completed. (0x12B)
[0503/171500.178:ERROR:process_memory_win.cc(73)] ReadMemory at 0xc99d412000 of 6024 bytes failed: Only part of a ReadProcessMemory or WriteProcessMemory request was completed. (0x12B)
[0503/171500.178:ERROR:process_memory_win.cc(73)] ReadMemory at 0xc99d414000 of 6024 bytes failed: Only part of a ReadProcessMemory or WriteProcessMemory request was completed. (0x12B)
[0503/171500.178:ERROR:process_memory_win.cc(73)] ReadMemory at 0xc99d416000 of 6024 bytes failed: Only part of a ReadProcessMemory or WriteProcessMemory request was completed. (0x12B)
[0503/171500.178:ERROR:process_memory_win.cc(73)] ReadMemory at 0xc99d418000 of 6024 bytes failed: Only part of a ReadProcessMemory or WriteProcessMemory request was completed. (0x12B)
[0503/171500.179:ERROR:process_memory_win.cc(73)] ReadMemory at 0xc99d41a000 of 6024 bytes failed: Only part of a ReadProcessMemory or WriteProcessMemory request was completed. (0x12B)
[0503/171500.179:ERROR:process_memory_win.cc(73)] ReadMemory at 0xc99d424000 of 6024 bytes failed: Only part of a ReadProcessMemory or WriteProcessMemory request was completed. (0x12B)
[0503/171500.179:ERROR:process_memory_win.cc(73)] ReadMemory at 0xc99d4f8000 of 6024 bytes failed: Only part of a ReadProcessMemory or WriteProcessMemory request was completed. (0x12B)
[0503/171500.179:ERROR:process_memory_win.cc(73)] ReadMemory at 0xc99d50a000 of 6024 bytes failed: Only part of a ReadProcessMemory or WriteProcessMemory request was completed. (0x12B)
[0503/171500.179:ERROR:process_memory_win.cc(73)] ReadMemory at 0xc99d51a000 of 6024 bytes failed: Only part of a ReadProcessMemory or WriteProcessMemory request was completed. (0x12B)
[0503/171500.179:ERROR:process_memory_win.cc(73)] ReadMemory at 0xc99d51c000 of 6024 bytes failed: Only part of a ReadProcessMemory or WriteProcessMemory request was completed. (0x12B)
[0503/171500.179:ERROR:process_memory_win.cc(73)] ReadMemory at 0xc99d54e000 of 6024 bytes failed: Only part of a ReadProcessMemory or WriteProcessMemory request was completed. (0x12B)
[0503/171500.179:ERROR:process_memory_win.cc(73)] ReadMemory at 0xc99d554000 of 6024 bytes failed: Only part of a ReadProcessMemory or WriteProcessMemory request was completed. (0x12B)
[0503/171500.179:ERROR:process_memory_win.cc(73)] ReadMemory at 0xc99d568000 of 6024 bytes failed: Only part of a ReadProcessMemory or WriteProcessMemory request was completed. (0x12B)
[0503/171500.179:ERROR:process_memory_win.cc(73)] ReadMemory at 0x224842302c0 of 40 bytes failed: Only part of a ReadProcessMemory or WriteProcessMemory request was completed. (0x12B)
[0503/171500.180:ERROR:process_memory_win.cc(73)] ReadMemory at 0x224843a02c0 of 40 bytes failed: Only part of a ReadProcessMemory or WriteProcessMemory request was completed. (0x12B)
[0503/171500.180:ERROR:process_memory_win.cc(73)] ReadMemory at 0x224844027f0 of 4460 bytes failed: Only part of a ReadProcessMemory or WriteProcessMemory request was completed. (0x12B)
[0503/171500.180:ERROR:process_memory_win.cc(73)] ReadMemory at 0x22484403970 of 1012 bytes failed: Only part of a ReadProcessMemory or WriteProcessMemory request was completed. (0x12B)
[0503/171500.180:ERROR:process_memory_win.cc(73)] ReadMemory at 0x22484403fb8 of 120 bytes failed: Only part of a ReadProcessMemory or WriteProcessMemory request was completed. (0x12B)
[0503/171500.181:ERROR:process_memory_win.cc(73)] ReadMemory at 0x22484404032 of 732 bytes failed: Only part of a ReadProcessMemory or WriteProcessMemory request was completed. (0x12B)
[0503/171500.181:ERROR:process_memory_win.cc(73)] ReadMemory at 0x22484404310 of 120 bytes failed: Only part of a ReadProcessMemory or WriteProcessMemory request was completed. (0x12B)
[0503/171500.181:ERROR:process_memory_win.cc(73)] ReadMemory at 0x2248440438a of 98 bytes failed: Only part of a ReadProcessMemory or WriteProcessMemory request was completed. (0x12B)
[0503/171500.181:ERROR:process_memory_win.cc(73)] ReadMemory at 0x22484404400 of 58 bytes failed: Only part of a ReadProcessMemory or WriteProcessMemory request was completed. (0x12B)
[0503/171500.181:ERROR:process_memory_win.cc(73)] ReadMemory at 0x22484404510 of 132 bytes failed: Only part of a ReadProcessMemory or WriteProcessMemory request was completed. (0x12B)
[0503/171500.181:ERROR:process_memory_win.cc(73)] ReadMemory at 0x224844046a0 of 132 bytes failed: Only part of a ReadProcessMemory or WriteProcessMemory request was completed. (0x12B)
[0503/171500.181:ERROR:process_memory_win.cc(73)] ReadMemory at 0x224844047b0 of 512 bytes failed: Only part of a ReadProcessMemory or WriteProcessMemory request was completed. (0x12B)
[0503/171500.181:ERROR:process_memory_win.cc(73)] ReadMemory at 0x22484404c80 of 132 bytes failed: Only part of a ReadProcessMemory or WriteProcessMemory request was completed. (0x12B)
[0503/171500.181:ERROR:process_memory_win.cc(73)] ReadMemory at 0x22484404e10 of 64 bytes failed: Only part of a ReadProcessMemory or WriteProcessMemory request was completed. (0x12B)
[0503/171500.181:ERROR:process_memory_win.cc(73)] ReadMemory at 0x22484404fe0 of 132 bytes failed: Only part of a ReadProcessMemory or WriteProcessMemory request was completed. (0x12B)
[0503/171500.448:ERROR:process_memory_win.cc(73)] ReadMemory at 0x224844052a0 of 132 bytes failed: Only part of a ReadProcessMemory or WriteProcessMemory request was completed. (0x12B)
[0503/171500.448:ERROR:process_memory_win.cc(73)] ReadMemory at 0x22484405430 of 68 bytes failed: Only part of a ReadProcessMemory or WriteProcessMemory request was completed. (0x12B)
[0503/171500.448:ERROR:process_memory_win.cc(73)] ReadMemory at 0x22484406440 of 152 bytes failed: Only part of a ReadProcessMemory or WriteProcessMemory request was completed. (0x12B)
[0503/171500.521:ERROR:process_memory_win.cc(73)] ReadMemory at 0x22484410030 of 144 bytes failed: Only part of a ReadProcessMemory or WriteProcessMemory request was completed. (0x12B)
[0503/171500.521:ERROR:process_memory_win.cc(73)] ReadMemory at 0x22484410120 of 132 bytes failed: Only part of a ReadProcessMemory or WriteProcessMemory request was completed. (0x12B)
[0503/171500.521:ERROR:process_memory_win.cc(73)] ReadMemory at 0x224844107e0 of 132 bytes failed: Only part of a ReadProcessMemory or WriteProcessMemory request was completed. (0x12B)
[0503/171500.609:ERROR:process_memory_win.cc(73)] ReadMemory at 0x22484414370 of 64 bytes failed: Only part of a ReadProcessMemory or WriteProcessMemory request was completed. (0x12B)
[0503/171500.609:ERROR:process_memory_win.cc(73)] ReadMemory at 0x22484414af0 of 64 bytes failed: Only part of a ReadProcessMemory or WriteProcessMemory request was completed. (0x12B)
[0503/171500.610:ERROR:process_memory_win.cc(73)] ReadMemory at 0x22484414be0 of 64 bytes failed: Only part of a ReadProcessMemory or WriteProcessMemory request was completed. (0x12B)
[0503/171500.610:ERROR:process_memory_win.cc(73)] ReadMemory at 0x22484414c80 of 64 bytes failed: Only part of a ReadProcessMemory or WriteProcessMemory request was completed. (0x12B)
[0503/171500.610:ERROR:process_memory_win.cc(73)] ReadMemory at 0x22484414fa0 of 66 bytes failed: Only part of a ReadProcessMemory or WriteProcessMemory request was completed. (0x12B)
[0503/171500.610:ERROR:process_memory_win.cc(73)] ReadMemory at 0x22484416310 of 62 bytes failed: Only part of a ReadProcessMemory or WriteProcessMemory request was completed. (0x12B)
[0503/171500.611:ERROR:process_memory_win.cc(73)] ReadMemory at 0x22484416610 of 60 bytes failed: Only part of a ReadProcessMemory or WriteProcessMemory request was completed. (0x12B)
[0503/171500.611:ERROR:process_memory_win.cc(73)] ReadMemory at 0x22484416750 of 60 bytes failed: Only part of a ReadProcessMemory or WriteProcessMemory request was completed. (0x12B)
[0503/171500.611:ERROR:process_memory_win.cc(73)] ReadMemory at 0x22484418a90 of 132 bytes failed: Only part of a ReadProcessMemory or WriteProcessMemory request was completed. (0x12B)
[0503/171500.648:ERROR:process_memory_win.cc(73)] ReadMemory at 0x22484418bc0 of 132 bytes failed: Only part of a ReadProcessMemory or WriteProcessMemory request was completed. (0x12B)
[0503/171500.648:ERROR:process_memory_win.cc(73)] ReadMemory at 0x22484418de0 of 132 bytes failed: Only part of a ReadProcessMemory or WriteProcessMemory request was completed. (0x12B)
[0503/171500.808:ERROR:process_memory_win.cc(73)] ReadMemory at 0x22484419140 of 132 bytes failed: Only part of a ReadProcessMemory or WriteProcessMemory request was completed. (0x12B)
[0503/171500.809:ERROR:process_memory_win.cc(73)] ReadMemory at 0x22484419480 of 132 bytes failed: Only part of a ReadProcessMemory or WriteProcessMemory request was completed. (0x12B)
[0503/171500.809:ERROR:process_memory_win.cc(73)] ReadMemory at 0x22484419780 of 132 bytes failed: Only part of a ReadProcessMemory or WriteProcessMemory request was completed. (0x12B)
[0503/171500.809:ERROR:process_memory_win.cc(73)] ReadMemory at 0x2248441a9d0 of 132 bytes failed: Only part of a ReadProcessMemory or WriteProcessMemory request was completed. (0x12B)
[0503/171500.809:ERROR:process_memory_win.cc(73)] ReadMemory at 0x2248441ab00 of 132 bytes failed: Only part of a ReadProcessMemory or WriteProcessMemory request was completed. (0x12B)
[0503/171500.950:ERROR:process_memory_win.cc(73)] ReadMemory at 0x2248441b470 of 132 bytes failed: Only part of a ReadProcessMemory or WriteProcessMemory request was completed. (0x12B)
[0503/171500.950:ERROR:process_memory_win.cc(73)] ReadMemory at 0x2248441d0e0 of 80 bytes failed: Only part of a ReadProcessMemory or WriteProcessMemory request was completed. (0x12B)
[0503/171501.073:ERROR:process_memory_win.cc(73)] ReadMemory at 0x2248442a0d0 of 58 bytes failed: Only part of a ReadProcessMemory or WriteProcessMemory request was completed. (0x12B)
[0503/171501.073:ERROR:process_memory_win.cc(73)] ReadMemory at 0x2248442a110 of 60 bytes failed: Only part of a ReadProcessMemory or WriteProcessMemory request was completed. (0x12B)
[0503/171501.073:ERROR:process_memory_win.cc(73)] ReadMemory at 0x2248442a190 of 60 bytes failed: Only part of a ReadProcessMemory or WriteProcessMemory request was completed. (0x12B)
[0503/171501.090:ERROR:process_memory_win.cc(73)] ReadMemory at 0x2248442a290 of 62 bytes failed: Only part of a ReadProcessMemory or WriteProcessMemory request was completed. (0x12B)
[0503/171501.090:ERROR:process_memory_win.cc(73)] ReadMemory at 0x2248442a310 of 62 bytes failed: Only part of a ReadProcessMemory or WriteProcessMemory request was completed. (0x12B)
[0503/171501.090:ERROR:process_memory_win.cc(73)] ReadMemory at 0x2248442a350 of 60 bytes failed: Only part of a ReadProcessMemory or WriteProcessMemory request was completed. (0x12B)
[0503/171501.121:ERROR:process_memory_win.cc(73)] ReadMemory at 0x2248442a410 of 62 bytes failed: Only part of a ReadProcessMemory or WriteProcessMemory request was completed. (0x12B)
[0503/171501.121:ERROR:process_memory_win.cc(73)] ReadMemory at 0x2248442a590 of 62 bytes failed: Only part of a ReadProcessMemory or WriteProcessMemory request was completed. (0x12B)
[0503/171501.121:ERROR:process_memory_win.cc(73)] ReadMemory at 0x2248442a5d0 of 62 bytes failed: Only part of a ReadProcessMemory or WriteProcessMemory request was completed. (0x12B)
[0503/171501.121:ERROR:process_memory_win.cc(73)] ReadMemory at 0x2248442a710 of 62 bytes failed: Only part of a ReadProcessMemory or WriteProcessMemory request was completed. (0x12B)
[0503/171501.121:ERROR:process_memory_win.cc(73)] ReadMemory at 0x2248442a750 of 60 bytes failed: Only part of a ReadProcessMemory or WriteProcessMemory request was completed. (0x12B)
[0503/171501.121:ERROR:process_memory_win.cc(73)] ReadMemory at 0x2248442a7d0 of 62 bytes failed: Only part of a ReadProcessMemory or WriteProcessMemory request was completed. (0x12B)
[0503/171501.122:ERROR:process_memory_win.cc(73)] ReadMemory at 0x2248442a810 of 62 bytes failed: Only part of a ReadProcessMemory or WriteProcessMemory request was completed. (0x12B)
[0503/171501.122:ERROR:process_memory_win.cc(73)] ReadMemory at 0x2248442a9d0 of 60 bytes failed: Only part of a ReadProcessMemory or WriteProcessMemory request was completed. (0x12B)
[0503/171501.122:ERROR:process_memory_win.cc(73)] ReadMemory at 0x2248442ab90 of 60 bytes failed: Only part of a ReadProcessMemory or WriteProcessMemory request was completed. (0x12B)
[0503/171501.122:ERROR:process_memory_win.cc(73)] ReadMemory at 0x2248442d040 of 132 bytes failed: Only part of a ReadProcessMemory or WriteProcessMemory request was completed. (0x12B)
[0503/171501.122:ERROR:process_memory_win.cc(73)] ReadMemory at 0x2248442d160 of 132 bytes failed: Only part of a ReadProcessMemory or WriteProcessMemory request was completed. (0x12B)
[0503/171501.122:ERROR:process_memory_win.cc(73)] ReadMemory at 0x2248442d280 of 132 bytes failed: Only part of a ReadProcessMemory or WriteProcessMemory request was completed. (0x12B)
[0503/171501.122:ERROR:process_memory_win.cc(73)] ReadMemory at 0x2248442d3a0 of 132 bytes failed: Only part of a ReadProcessMemory or WriteProcessMemory request was completed. (0x12B)
[0503/171501.122:ERROR:process_memory_win.cc(73)] ReadMemory at 0x2248442d4c0 of 132 bytes failed: Only part of a ReadProcessMemory or WriteProcessMemory request was completed. (0x12B)
[0503/171501.122:ERROR:process_memory_win.cc(73)] ReadMemory at 0x2248442d5e0 of 132 bytes failed: Only part of a ReadProcessMemory or WriteProcessMemory request was completed. (0x12B)
[0503/171501.122:ERROR:process_memory_win.cc(73)] ReadMemory at 0x2248442d700 of 132 bytes failed: Only part of a ReadProcessMemory or WriteProcessMemory request was completed. (0x12B)
[0503/171501.123:ERROR:process_memory_win.cc(73)] ReadMemory at 0x2248442d820 of 132 bytes failed: Only part of a ReadProcessMemory or WriteProcessMemory request was completed. (0x12B)
[0503/171501.123:ERROR:process_memory_win.cc(73)] ReadMemory at 0x2248442d940 of 132 bytes failed: Only part of a ReadProcessMemory or WriteProcessMemory request was completed. (0x12B)
[0503/171501.123:ERROR:process_memory_win.cc(73)] ReadMemory at 0x2248442db80 of 132 bytes failed: Only part of a ReadProcessMemory or WriteProcessMemory request was completed. (0x12B)
[0503/171501.123:ERROR:process_memory_win.cc(73)] ReadMemory at 0x2248442dca0 of 132 bytes failed: Only part of a ReadProcessMemory or WriteProcessMemory request was completed. (0x12B)
[0503/171501.143:ERROR:process_memory_win.cc(73)] ReadMemory at 0x2248442ddc0 of 132 bytes failed: Only part of a ReadProcessMemory or WriteProcessMemory request was completed. (0x12B)
[0503/171501.143:ERROR:process_memory_win.cc(73)] ReadMemory at 0x2248442dee0 of 132 bytes failed: Only part of a ReadProcessMemory or WriteProcessMemory request was completed. (0x12B)
[0503/171501.143:ERROR:process_memory_win.cc(73)] ReadMemory at 0x2248442e2d0 of 64 bytes failed: Only part of a ReadProcessMemory or WriteProcessMemory request was completed. (0x12B)
[0503/171501.143:ERROR:process_memory_win.cc(73)] ReadMemory at 0x2248442e780 of 64 bytes failed: Only part of a ReadProcessMemory or WriteProcessMemory request was completed. (0x12B)
[0503/171501.143:ERROR:process_memory_win.cc(73)] ReadMemory at 0x2248442e910 of 64 bytes failed: Only part of a ReadProcessMemory or WriteProcessMemory request was completed. (0x12B)
[0503/171501.143:ERROR:process_memory_win.cc(73)] ReadMemory at 0x2248442ec80 of 66 bytes failed: Only part of a ReadProcessMemory or WriteProcessMemory request was completed. (0x12B)
[0503/171501.143:ERROR:process_memory_win.cc(73)] ReadMemory at 0x224844304c0 of 132 bytes failed: Only part of a ReadProcessMemory or WriteProcessMemory request was completed. (0x12B)
[0503/171501.143:ERROR:process_memory_win.cc(73)] ReadMemory at 0x22484430820 of 132 bytes failed: Only part of a ReadProcessMemory or WriteProcessMemory request was completed. (0x12B)
[0503/171501.144:ERROR:process_memory_win.cc(73)] ReadMemory at 0x22484430a60 of 132 bytes failed: Only part of a ReadProcessMemory or WriteProcessMemory request was completed. (0x12B)
[0503/171501.144:ERROR:process_memory_win.cc(73)] ReadMemory at 0x224844316c0 of 132 bytes failed: Only part of a ReadProcessMemory or WriteProcessMemory request was completed. (0x12B)
[0503/171501.144:ERROR:process_memory_win.cc(73)] ReadMemory at 0x22484431a20 of 132 bytes failed: Only part of a ReadProcessMemory or WriteProcessMemory request was completed. (0x12B)
[0503/171501.144:ERROR:process_memory_win.cc(73)] ReadMemory at 0x22484431b40 of 132 bytes failed: Only part of a ReadProcessMemory or WriteProcessMemory request was completed. (0x12B)
[0503/171501.144:ERROR:process_memory_win.cc(73)] ReadMemory at 0x224844333b0 of 80 bytes failed: Only part of a ReadProcessMemory or WriteProcessMemory request was completed. (0x12B)
[0503/171501.144:ERROR:process_memory_win.cc(73)] ReadMemory at 0x224844338f0 of 40 bytes failed: Only part of a ReadProcessMemory or WriteProcessMemory request was completed. (0x12B)
[0503/171501.144:ERROR:process_memory_win.cc(73)] ReadMemory at 0x224844465c0 of 124 bytes failed: Only part of a ReadProcessMemory or WriteProcessMemory request was completed. (0x12B)
[0503/171501.144:ERROR:process_memory_win.cc(73)] ReadMemory at 0x22484447b20 of 512 bytes failed: Only part of a ReadProcessMemory or WriteProcessMemory request was completed. (0x12B)
[0503/171501.145:ERROR:process_memory_win.cc(73)] ReadMemory at 0x22484477530 of 712 bytes failed: Only part of a ReadProcessMemory or WriteProcessMemory request was completed. (0x12B)
[0503/171501.145:ERROR:process_memory_win.cc(73)] ReadMemory at 0x2248447b780 of 512 bytes failed: Only part of a ReadProcessMemory or WriteProcessMemory request was completed. (0x12B)
[0503/171501.145:ERROR:process_memory_win.cc(73)] ReadMemory at 0x22484486ad0 of 512 bytes failed: Only part of a ReadProcessMemory or WriteProcessMemory request was completed. (0x12B)
[0503/171501.145:ERROR:process_memory_win.cc(73)] ReadMemory at 0x22484488fa0 of 512 bytes failed: Only part of a ReadProcessMemory or WriteProcessMemory request was completed. (0x12B)
[0503/171501.145:ERROR:process_memory_win.cc(73)] ReadMemory at 0x2248448adb0 of 512 bytes failed: Only part of a ReadProcessMemory or WriteProcessMemory request was completed. (0x12B)
[0503/171501.145:ERROR:process_memory_win.cc(73)] ReadMemory at 0x224844911f0 of 512 bytes failed: Only part of a ReadProcessMemory or WriteProcessMemory request was completed. (0x12B)
[0503/171501.145:ERROR:process_memory_win.cc(73)] ReadMemory at 0x22484baf940 of 40 bytes failed: Only part of a ReadProcessMemory or WriteProcessMemory request was completed. (0x12B)
[0503/171501.145:ERROR:process_memory_win.cc(73)] ReadMemory at 0x22484baf9d0 of 512 bytes failed: Only part of a ReadProcessMemory or WriteProcessMemory request was completed. (0x12B)
[0503/171501.145:ERROR:process_memory_win.cc(73)] ReadMemory at 0x22486733490 of 512 bytes failed: Only part of a ReadProcessMemory or WriteProcessMemory request was completed. (0x12B)
[0503/171501.145:ERROR:process_memory_win.cc(73)] ReadMemory at 0x224867336f0 of 512 bytes failed: Only part of a ReadProcessMemory or WriteProcessMemory request was completed. (0x12B)
[0503/171501.145:ERROR:process_memory_win.cc(73)] ReadMemory at 0x22488378820 of 512 bytes failed: Only part of a ReadProcessMemory or WriteProcessMemory request was completed. (0x12B)
[0503/171501.145:ERROR:process_memory_win.cc(73)] ReadMemory at 0x22488379d80 of 512 bytes failed: Only part of a ReadProcessMemory or WriteProcessMemory request was completed. (0x12B)
[0503/171501.146:ERROR:process_memory_win.cc(73)] ReadMemory at 0x2248839db20 of 512 bytes failed: Only part of a ReadProcessMemory or WriteProcessMemory request was completed. (0x12B)
[0503/171501.146:ERROR:process_memory_win.cc(73)] ReadMemory at 0x224885aaa80 of 512 bytes failed: Only part of a ReadProcessMemory or WriteProcessMemory request was completed. (0x12B)
[0503/171501.146:ERROR:process_memory_win.cc(73)] ReadMemory at 0x22489794ba0 of 48 bytes failed: Only part of a ReadProcessMemory or WriteProcessMemory request was completed. (0x12B)
[0503/171501.146:ERROR:process_memory_win.cc(73)] ReadMemory at 0x2248af4ce50 of 512 bytes failed: Only part of a ReadProcessMemory or WriteProcessMemory request was completed. (0x12B)
[0503/171501.146:ERROR:process_memory_win.cc(73)] ReadMemory at 0x2248c39a1a0 of 512 bytes failed: Only part of a ReadProcessMemory or WriteProcessMemory request was completed. (0x12B)
[0503/171501.146:ERROR:process_memory_win.cc(73)] ReadMemory at 0x2248c6a7fe0 of 512 bytes failed: Only part of a ReadProcessMemory or WriteProcessMemory request was completed. (0x12B)
[0503/171501.146:ERROR:process_memory_win.cc(73)] ReadMemory at 0x2248c8f68c0 of 512 bytes failed: Only part of a ReadProcessMemory or WriteProcessMemory request was completed. (0x12B)
[0503/171501.146:ERROR:process_memory_win.cc(73)] ReadMemory at 0x2248d2f5fe0 of 512 bytes failed: Only part of a ReadProcessMemory or WriteProcessMemory request was completed. (0x12B)
[0503/171501.146:ERROR:process_memory_win.cc(73)] ReadMemory at 0x2248d6cd820 of 48 bytes failed: Only part of a ReadProcessMemory or WriteProcessMemory request was completed. (0x12B)
[0503/171501.146:ERROR:process_memory_win.cc(73)] ReadMemory at 0x2248d7d17d0 of 640 bytes failed: Only part of a ReadProcessMemory or WriteProcessMemory request was completed. (0x12B)
[0503/171501.146:ERROR:process_memory_win.cc(73)] ReadMemory at 0x2248e600000 of 384 bytes failed: Only part of a ReadProcessMemory or WriteProcessMemory request was completed. (0x12B)
[0503/171501.146:ERROR:process_memory_win.cc(73)] ReadMemory at 0x2248ed84000 of 464 bytes failed: Only part of a ReadProcessMemory or WriteProcessMemory request was completed. (0x12B)
[0503/171501.146:ERROR:process_memory_win.cc(73)] ReadMemory at 0x4ea0000a278 of 40 bytes failed: Only part of a ReadProcessMemory or WriteProcessMemory request was completed. (0x12B)
[0503/171501.146:ERROR:process_memory_win.cc(73)] ReadMemory at 0x4ea2b1dfc48 of 513 bytes failed: Only part of a ReadProcessMemory or WriteProcessMemory request was completed. (0x12B)
[0503/171501.147:ERROR:process_memory_win.cc(73)] ReadMemory at 0x6b38d2a54030 of 40 bytes failed: Only part of a ReadProcessMemory or WriteProcessMemory request was completed. (0x12B)
[0503/171501.147:ERROR:process_memory_win.cc(73)] ReadMemory at 0x7fff88e11df9 of 512 bytes failed: Only part of a ReadProcessMemory or WriteProcessMemory request was completed. (0x12B)
[0503/171501.147:ERROR:process_memory_win.cc(73)] ReadMemory at 0x7fff8ebbc198 of 512 bytes failed: Only part of a ReadProcessMemory or WriteProcessMemory request was completed. (0x12B)
[0503/171501.147:ERROR:process_memory_win.cc(73)] ReadMemory at 0x7fffb1eca230 of 40 bytes failed: Only part of a ReadProcessMemory or WriteProcessMemory request was completed. (0x12B)
[0503/171501.181:ERROR:process_memory_win.cc(73)] ReadMemory at 0x7fffca8e5020 of 40 bytes failed: Only part of a ReadProcessMemory or WriteProcessMemory request was completed. (0x12B)
[0503/171501.181:ERROR:process_memory_win.cc(73)] ReadMemory at 0x7fffcb37f5b0 of 176 bytes failed: Only part of a ReadProcessMemory or WriteProcessMemory request was completed. (0x12B)
[0503/171501.181:ERROR:process_memory_win.cc(73)] ReadMemory at 0x7fffcc416fb4 of 512 bytes failed: Only part of a ReadProcessMemory or WriteProcessMemory request was completed. (0x12B)
[0503/171501.181:ERROR:process_memory_win.cc(73)] ReadMemory at 0x7fffcc424a50 of 512 bytes failed: Only part of a ReadProcessMemory or WriteProcessMemory request was completed. (0x12B)
[0503/171501.181:ERROR:process_memory_win.cc(73)] ReadMemory at 0x7fffcd32c624 of 672 bytes failed: Only part of a ReadProcessMemory or WriteProcessMemory request was completed. (0x12B)
[0503/171501.267:ERROR:process_memory_win.cc(73)] ReadMemory at 0x7fffcd32ff94 of 608 bytes failed: Only part of a ReadProcessMemory or WriteProcessMemory request was completed. (0x12B)
[0503/171501.268:ERROR:process_memory_win.cc(73)] ReadMemory at 0x7fffcd3c0b20 of 18 bytes failed: Only part of a ReadProcessMemory or WriteProcessMemory request was completed. (0x12B)
[0503/171501.268:ERROR:process_memory_win.cc(73)] ReadMemory at 0x7fffcd3f54f8 of 40 bytes failed: Only part of a ReadProcessMemory or WriteProcessMemory request was completed. (0x12B)
[0503/171501.333:ERROR:process_memory_win.cc(73)] ReadMemory at 0x7fffcd3f5560 of 48 bytes failed: Only part of a ReadProcessMemory or WriteProcessMemory request was completed. (0x12B)
[0503/171501.334:ERROR:process_memory_win.cc(73)] ReadMemory at 0x7fffcd3f5978 of 48 bytes failed: Only part of a ReadProcessMemory or WriteProcessMemory request was completed. (0x12B)
[0503/171501.334:ERROR:process_memory_win.cc(73)] ReadMemory at 0x7fffcd3f9ce0 of 40 bytes failed: Only part of a ReadProcessMemory or WriteProcessMemory request was completed. (0x12B)
[0503/171501.334:ERROR:process_memory_win.cc(73)] ReadMemory at 0x7fffcd3f9e40 of 192 bytes failed: Only part of a ReadProcessMemory or WriteProcessMemory request was completed. (0x12B)
[0503/171501.335:ERROR:process_memory_win.cc(73)] ReadMemory at 0x7fffcd3f9f30 of 48 bytes failed: Only part of a ReadProcessMemory or WriteProcessMemory request was completed. (0x12B)
[0503/171501.335:ERROR:process_memory_win.cc(73)] ReadMemory at 0x7fffcd3f9f90 of 48 bytes failed: Only part of a ReadProcessMemory or WriteProcessMemory request was completed. (0x12B)
[0503/171501.335:ERROR:process_memory_win.cc(73)] ReadMemory at 0x7fffcd3fb4c0 of 64 bytes failed: Only part of a ReadProcessMemory or WriteProcessMemory request was completed. (0x12B)
[0503/171501.461:ERROR:scoped_process_suspend.cc(40)] NtResumeProcess: An attempt was made to access an exiting process. (0xc000010a)
